[2024-11-07 14:55:11,317: INFO: main: welcome to cnnClassifier!]
[2024-11-08 09:03:41,559: INFO: common: yaml file: config\config.yaml loaded successfully]
[2024-11-08 09:03:41,559: INFO: common: yaml file: params.yaml loaded successfully]
[2024-11-08 09:03:41,559: INFO: common: created directory at: artifacts]
[2024-11-08 09:03:41,559: INFO: common: created directory at: artifacts/data_ingestion]
[2024-11-08 09:03:41,575: INFO: 1533896105: Downloading data from https://drive.google.com/file/d/1z0mreUtRmR-P-magILsDR3T7M6IkGXtY/view?usp=sharing into file artifacts/data_ingestion/data.zip]
[2024-11-08 09:04:16,650: INFO: 1533896105: Downloaded data from https://drive.google.com/file/d/1z0mreUtRmR-P-magILsDR3T7M6IkGXtY/view?usp=sharing into file artifacts/data_ingestion/data.zip]
[2024-11-08 09:06:10,310: INFO: common: yaml file: config\config.yaml loaded successfully]
[2024-11-08 09:06:10,310: INFO: common: yaml file: params.yaml loaded successfully]
[2024-11-08 09:06:10,325: INFO: common: created directory at: artifacts]
[2024-11-08 09:06:10,325: INFO: common: created directory at: artifacts/data_ingestion]
[2024-11-08 09:06:10,325: INFO: 1533896105: Downloading data from https://drive.google.com/file/d/1z0mreUtRmR-P-magILsDR3T7M6IkGXtY/view?usp=sharing into file artifacts/data_ingestion/data.zip]
[2024-11-08 09:07:53,198: INFO: 1533896105: Downloaded data from https://drive.google.com/file/d/1z0mreUtRmR-P-magILsDR3T7M6IkGXtY/view?usp=sharing into file artifacts/data_ingestion/data.zip]
[2024-11-08 09:29:02,798: INFO: main: >>>>>> stage Data Ingestion stage started <<<<<<]
[2024-11-08 09:29:02,803: INFO: common: yaml file: config\config.yaml loaded successfully]
[2024-11-08 09:29:02,808: INFO: common: yaml file: params.yaml loaded successfully]
[2024-11-08 09:29:02,808: INFO: common: created directory at: artifacts]
[2024-11-08 09:29:02,808: INFO: common: created directory at: artifacts/data_ingestion]
[2024-11-08 09:29:02,808: INFO: data_ingestion: Downloading data from https://drive.google.com/file/d/1z0mreUtRmR-P-magILsDR3T7M6IkGXtY/view?usp=sharing into file artifacts/data_ingestion/data.zip]
[2024-11-08 09:30:24,503: INFO: data_ingestion: Downloaded data from https://drive.google.com/file/d/1z0mreUtRmR-P-magILsDR3T7M6IkGXtY/view?usp=sharing into file artifacts/data_ingestion/data.zip]
[2024-11-08 09:30:24,968: INFO: main: >>>>>> stage Data Ingestion stage completed <<<<<<

x==========x]
[2024-11-08 09:41:35,400: INFO: common: yaml file: config\config.yaml loaded successfully]
[2024-11-08 09:41:35,411: INFO: common: yaml file: params.yaml loaded successfully]
[2024-11-08 09:41:35,411: INFO: common: created directory at: artifacts]
[2024-11-08 09:41:35,411: INFO: common: created directory at: artifacts/prepare_base_model]
[2024-11-08 09:42:47,343: WARNING: saving_utils: Compiled the loaded model, but the compiled metrics have yet to be built. `model.compile_metrics` will be empty until you train or evaluate the model.]
[2024-11-08 09:53:03,056: INFO: main: >>>>>> stage Data Ingestion stage started <<<<<<]
[2024-11-08 09:53:03,056: INFO: common: yaml file: config\config.yaml loaded successfully]
[2024-11-08 09:53:03,056: INFO: common: yaml file: params.yaml loaded successfully]
[2024-11-08 09:53:03,056: INFO: common: created directory at: artifacts]
[2024-11-08 09:53:03,056: INFO: common: created directory at: artifacts/data_ingestion]
[2024-11-08 09:53:03,056: INFO: data_ingestion: Downloading data from https://drive.google.com/file/d/1z0mreUtRmR-P-magILsDR3T7M6IkGXtY/view?usp=sharing into file artifacts/data_ingestion/data.zip]
[2024-11-08 09:54:44,183: INFO: data_ingestion: Downloaded data from https://drive.google.com/file/d/1z0mreUtRmR-P-magILsDR3T7M6IkGXtY/view?usp=sharing into file artifacts/data_ingestion/data.zip]
[2024-11-08 09:54:44,652: INFO: main: >>>>>> stage Data Ingestion stage completed <<<<<<

x==========x]
[2024-11-08 09:54:44,652: INFO: main: *******************]
[2024-11-08 09:54:44,652: INFO: main: >>>>>> stage Prepare base model started <<<<<<]
[2024-11-08 09:54:44,658: INFO: common: yaml file: config\config.yaml loaded successfully]
[2024-11-08 09:54:44,658: INFO: common: yaml file: params.yaml loaded successfully]
[2024-11-08 09:54:44,658: INFO: common: created directory at: artifacts]
[2024-11-08 09:54:44,658: INFO: common: created directory at: artifacts/prepare_base_model]
[2024-11-08 09:54:45,102: WARNING: saving_utils: Compiled the loaded model, but the compiled metrics have yet to be built. `model.compile_metrics` will be empty until you train or evaluate the model.]
[2024-11-08 09:54:45,316: INFO: main: >>>>>> stage Prepare base model completed <<<<<<

x==========x]
[2024-11-08 10:00:09,970: INFO: common: yaml file: config\config.yaml loaded successfully]
[2024-11-08 10:00:09,978: INFO: common: yaml file: params.yaml loaded successfully]
[2024-11-08 10:00:09,978: INFO: common: created directory at: artifacts]
[2024-11-08 10:00:09,978: INFO: common: created directory at: artifacts\training]
[2024-11-08 10:09:32,696: INFO: main: >>>>>> stage Data Ingestion stage started <<<<<<]
[2024-11-08 10:09:32,699: INFO: common: yaml file: config\config.yaml loaded successfully]
[2024-11-08 10:09:32,699: INFO: common: yaml file: params.yaml loaded successfully]
[2024-11-08 10:09:32,699: INFO: common: created directory at: artifacts]
[2024-11-08 10:09:32,699: INFO: common: created directory at: artifacts/data_ingestion]
[2024-11-08 10:09:32,699: INFO: data_ingestion: Downloading data from https://drive.google.com/file/d/1z0mreUtRmR-P-magILsDR3T7M6IkGXtY/view?usp=sharing into file artifacts/data_ingestion/data.zip]
[2024-11-08 10:10:28,135: INFO: data_ingestion: Downloaded data from https://drive.google.com/file/d/1z0mreUtRmR-P-magILsDR3T7M6IkGXtY/view?usp=sharing into file artifacts/data_ingestion/data.zip]
[2024-11-08 10:10:28,644: INFO: main: >>>>>> stage Data Ingestion stage completed <<<<<<

x==========x]
[2024-11-08 10:10:28,644: INFO: main: *******************]
[2024-11-08 10:10:28,644: INFO: main: >>>>>> stage Prepare base model started <<<<<<]
[2024-11-08 10:10:28,646: INFO: common: yaml file: config\config.yaml loaded successfully]
[2024-11-08 10:10:28,646: INFO: common: yaml file: params.yaml loaded successfully]
[2024-11-08 10:10:28,646: INFO: common: created directory at: artifacts]
[2024-11-08 10:10:28,646: INFO: common: created directory at: artifacts/prepare_base_model]
[2024-11-08 10:10:29,097: WARNING: saving_utils: Compiled the loaded model, but the compiled metrics have yet to be built. `model.compile_metrics` will be empty until you train or evaluate the model.]
[2024-11-08 10:10:29,318: INFO: main: >>>>>> stage Prepare base model completed <<<<<<

x==========x]
[2024-11-08 10:10:29,318: INFO: main: *******************]
[2024-11-08 10:10:29,318: INFO: main: >>>>>> stage Training started <<<<<<]
[2024-11-08 10:10:29,324: INFO: common: yaml file: config\config.yaml loaded successfully]
[2024-11-08 10:10:29,327: INFO: common: yaml file: params.yaml loaded successfully]
[2024-11-08 10:10:29,327: INFO: common: created directory at: artifacts]
[2024-11-08 10:10:29,327: INFO: common: created directory at: artifacts\training]
[2024-11-08 10:11:29,740: INFO: main: >>>>>> stage Training completed <<<<<<

x==========x]
[2024-11-08 10:25:05,751: INFO: common: yaml file: config\config.yaml loaded successfully]
[2024-11-08 10:25:05,757: INFO: common: yaml file: params.yaml loaded successfully]
[2024-11-08 10:25:05,759: INFO: common: created directory at: artifacts]
[2024-11-08 10:25:23,341: INFO: common: json file saved at: scores.json]
[2024-11-08 10:25:29,114: WARNING: connectionpool: Retrying (Retry(total=4, connect=5, read=4, redirect=5, status=5)) after connection broken by 'ConnectionResetError(10054, 'An existing connection was forcibly closed by the remote host', None, 10054, None)': /entbappy/Chest-Disease-Classification-MLflow-DVC.mlflow/api/2.0/mlflow/runs/create]
[2024-11-08 11:05:21,295: INFO: common: yaml file: config\config.yaml loaded successfully]
[2024-11-08 11:05:21,302: INFO: common: yaml file: params.yaml loaded successfully]
[2024-11-08 11:05:21,309: INFO: common: created directory at: artifacts]
[2024-11-08 11:05:39,831: INFO: common: json file saved at: scores.json]
[2024-11-08 11:07:08,213: INFO: common: yaml file: config\config.yaml loaded successfully]
[2024-11-08 11:07:08,213: INFO: common: yaml file: params.yaml loaded successfully]
[2024-11-08 11:07:08,228: INFO: common: created directory at: artifacts]
[2024-11-08 11:07:26,483: INFO: common: json file saved at: scores.json]
[2024-11-08 11:15:05,245: INFO: _client: HTTP Request: POST https://dagshub.com/login/oauth/middleman "HTTP/1.1 408 Request Timeout"]
[2024-11-08 11:15:06,013: WARNING: base_comm: No such comm: 370eae0cf82f4ca0a26e9bddde975f2e]
[2024-11-08 11:18:41,930: INFO: _client: HTTP Request: POST https://dagshub.com/login/oauth/middleman "HTTP/1.1 408 Request Timeout"]
[2024-11-08 11:23:34,850: INFO: common: yaml file: config\config.yaml loaded successfully]
[2024-11-08 11:23:34,850: INFO: common: yaml file: params.yaml loaded successfully]
[2024-11-08 11:23:34,850: INFO: common: created directory at: artifacts]
[2024-11-08 11:23:51,183: INFO: common: json file saved at: scores.json]
[2024-11-08 11:23:51,269: WARNING: connectionpool: Retrying (Retry(total=4, connect=5, read=4, redirect=5, status=5)) after connection broken by 'ConnectionResetError(10054, 'An existing connection was forcibly closed by the remote host', None, 10054, None)': /vasable20032004/machine-learning.mlflow/api/2.0/mlflow/runs/create]
